# JRE version: OpenJDK Runtime Environment Temurin-17.0.10+7 (17.0.10+7) (build 17.0.10+7)
# Java VM: OpenJDK 64-Bit Server VM Temurin-17.0.10+7 (17.0.10+7, mixed mode, emulated-client, tiered, compressed oops, compressed class ptrs, g1 gc, windows-amd64)
GC Precious Log:
 CPUs: 4 total, 4 available
 Memory: 8092M
 Large Page Support: Disabled
 NUMA Support: Disabled
 Compressed Oops: Enabled (32-bit)
 Heap Region Size: 1M
 Heap Min Capacity: 8M
 Heap Initial Capacity: 128M
 Heap Max Capacity: 1G
 Pre-touch: Disabled
 Parallel Workers: 4
 Concurrent Workers: 1
 Concurrent Refinement Workers: 4
 Periodic GC: Disabled
Heap:
 garbage-first heap   total 75776K, used 23950K [0x00000000c0000000, 0x0000000100000000)
  region size 1024K, 1 young (1024K), 0 survivors (0K)
 Metaspace       used 37753K, committed 38336K, reserved 1114112K
  class space    used 4911K, committed 5184K, reserved 1048576K
GC Heap History (20 events):
Event: 274.214 GC heap before
{Heap before GC invocations=29 (full 19):
 garbage-first heap   total 75776K, used 23950K [0x00000000c0000000, 0x0000000100000000)
  region size 1024K, 1 young (1024K), 0 survivors (0K)
 Metaspace       used 37753K, committed 38336K, reserved 1114112K
  class space    used 4911K, committed 5184K, reserved 1048576K
}
Event: 274.243 GC heap after
{Heap after GC invocations=30 (full 20):
 garbage-first heap   total 75776K, used 23950K [0x00000000c0000000, 0x0000000100000000)
  region size 1024K, 0 young (0K), 0 survivors (0K)
 Metaspace       used 37753K, committed 38336K, reserved 1114112K
  class space    used 4911K, committed 5184K, reserved 1048576K
}
Event: 291.881 GC heap before
{Heap before GC invocations=30 (full 20):
 garbage-first heap   total 75776K, used 23950K [0x00000000c0000000, 0x0000000100000000)
  region size 1024K, 1 young (1024K), 0 survivors (0K)
 Metaspace       used 37753K, committed 38336K, reserved 1114112K
  class space    used 4911K, committed 5184K, reserved 1048576K
}
Event: 291.916 GC heap after
{Heap after GC invocations=31 (full 21):
 garbage-first heap   total 75776K, used 23950K [0x00000000c0000000, 0x0000000100000000)
  region size 1024K, 0 young (0K), 0 survivors (0K)
 Metaspace       used 37753K, committed 38336K, reserved 1114112K
  class space    used 4911K, committed 5184K, reserved 1048576K
}
Event: 302.284 GC heap before
{Heap before GC invocations=31 (full 21):
 garbage-first heap   total 75776K, used 23950K [0x00000000c0000000, 0x0000000100000000)
  region size 1024K, 1 young (1024K), 0 survivors (0K)
 Metaspace       used 37753K, committed 38336K, reserved 1114112K
  class space    used 4911K, committed 5184K, reserved 1048576K
}
Event: 302.318 GC heap after
{Heap after GC invocations=32 (full 22):
 garbage-first heap   total 75776K, used 23950K [0x00000000c0000000, 0x0000000100000000)
  region size 1024K, 0 young (0K), 0 survivors (0K)
 Metaspace       used 37753K, committed 38336K, reserved 1114112K
  class space    used 4911K, committed 5184K, reserved 1048576K
}
Event: 312.649 GC heap before
{Heap before GC invocations=32 (full 22):
 garbage-first heap   total 75776K, used 23950K [0x00000000c0000000, 0x0000000100000000)
  region size 1024K, 1 young (1024K), 0 survivors (0K)
 Metaspace       used 37753K, committed 38336K, reserved 1114112K
  class space    used 4911K, committed 5184K, reserved 1048576K
}
Event: 312.685 GC heap after
{Heap after GC invocations=33 (full 23):
 garbage-first heap   total 75776K, used 23950K [0x00000000c0000000, 0x0000000100000000)
  region size 1024K, 0 young (0K), 0 survivors (0K)
 Metaspace       used 37753K, committed 38336K, reserved 1114112K
  class space    used 4911K, committed 5184K, reserved 1048576K
}
Event: 323.188 GC heap before
{Heap before GC invocations=33 (full 23):
 garbage-first heap   total 75776K, used 23950K [0x00000000c0000000, 0x0000000100000000)
  region size 1024K, 1 young (1024K), 0 survivors (0K)
 Metaspace       used 37753K, committed 38336K, reserved 1114112K
  class space    used 4911K, committed 5184K, reserved 1048576K
}
Event: 323.222 GC heap after
{Heap after GC invocations=34 (full 24):
 garbage-first heap   total 75776K, used 23950K [0x00000000c0000000, 0x0000000100000000)
  region size 1024K, 0 young (0K), 0 survivors (0K)
 Metaspace       used 37753K, committed 38336K, reserved 1114112K
  class space    used 4911K, committed 5184K, reserved 1048576K
}
Event: 333.795 GC heap before
{Heap before GC invocations=34 (full 24):
 garbage-first heap   total 75776K, used 23950K [0x00000000c0000000, 0x0000000100000000)
  region size 1024K, 1 young (1024K), 0 survivors (0K)
 Metaspace       used 37753K, committed 38336K, reserved 1114112K
  class space    used 4911K, committed 5184K, reserved 1048576K
}
Event: 333.830 GC heap after
{Heap after GC invocations=35 (full 25):
 garbage-first heap   total 75776K, used 23950K [0x00000000c0000000, 0x0000000100000000)
  region size 1024K, 0 young (0K), 0 survivors (0K)
 Metaspace       used 37753K, committed 38336K, reserved 1114112K
  class space    used 4911K, committed 5184K, reserved 1048576K
}
Event: 344.501 GC heap before
{Heap before GC invocations=35 (full 25):
 garbage-first heap   total 75776K, used 23950K [0x00000000c0000000, 0x0000000100000000)
  region size 1024K, 1 young (1024K), 0 survivors (0K)
 Metaspace       used 37753K, committed 38336K, reserved 1114112K
  class space    used 4911K, committed 5184K, reserved 1048576K
}
Event: 344.527 GC heap after
{Heap after GC invocations=36 (full 26):
 garbage-first heap   total 75776K, used 23950K [0x00000000c0000000, 0x0000000100000000)
  region size 1024K, 0 young (0K), 0 survivors (0K)
 Metaspace       used 37753K, committed 38336K, reserved 1114112K
  class space    used 4911K, committed 5184K, reserved 1048576K
}
Event: 355.543 GC heap before
{Heap before GC invocations=36 (full 26):
 garbage-first heap   total 75776K, used 23950K [0x00000000c0000000, 0x0000000100000000)
  region size 1024K, 1 young (1024K), 0 survivors (0K)
 Metaspace       used 37753K, committed 38336K, reserved 1114112K
  class space    used 4911K, committed 5184K, reserved 1048576K
}
Event: 355.577 GC heap after
{Heap after GC invocations=37 (full 27):
 garbage-first heap   total 75776K, used 23950K [0x00000000c0000000, 0x0000000100000000)
  region size 1024K, 0 young (0K), 0 survivors (0K)
 Metaspace       used 37753K, committed 38336K, reserved 1114112K
  class space    used 4911K, committed 5184K, reserved 1048576K
}
Event: 368.749 GC heap before
{Heap before GC invocations=37 (full 27):
 garbage-first heap   total 75776K, used 23950K [0x00000000c0000000, 0x0000000100000000)
  region size 1024K, 1 young (1024K), 0 survivors (0K)
 Metaspace       used 37753K, committed 38336K, reserved 1114112K
  class space    used 4911K, committed 5184K, reserved 1048576K
}
Event: 368.783 GC heap after
{Heap after GC invocations=38 (full 28):
 garbage-first heap   total 75776K, used 23950K [0x00000000c0000000, 0x0000000100000000)
  region size 1024K, 0 young (0K), 0 survivors (0K)
 Metaspace       used 37753K, committed 38336K, reserved 1114112K
  class space    used 4911K, committed 5184K, reserved 1048576K
}
Event: 379.687 GC heap before
{Heap before GC invocations=38 (full 28):
 garbage-first heap   total 75776K, used 23950K [0x00000000c0000000, 0x0000000100000000)
  region size 1024K, 1 young (1024K), 0 survivors (0K)
 Metaspace       used 37753K, committed 38336K, reserved 1114112K
  class space    used 4911K, committed 5184K, reserved 1048576K
}
Event: 379.720 GC heap after
{Heap after GC invocations=39 (full 29):
 garbage-first heap   total 75776K, used 23950K [0x00000000c0000000, 0x0000000100000000)
  region size 1024K, 0 young (0K), 0 survivors (0K)
 Metaspace       used 37753K, committed 38336K, reserved 1114112K
  class space    used 4911K, committed 5184K, reserved 1048576K
}

